<?xml version="1.0" encoding="UTF-8"?>
<testsuite name="com.codestate.todoapp.TodoappApplicationTests" tests="1" skipped="0" failures="0" errors="0" timestamp="2022-12-16T14:34:18" hostname="DESKTOP-5GGQ6ND" time="0.259">
  <properties/>
  <testcase name="contextLoads()" classname="com.codestate.todoapp.TodoappApplicationTests" time="0.259"/>
  <system-out><![CDATA[23:34:16.694 [Test worker] DEBUG org.springframework.test.context.BootstrapUtils - Instantiating CacheAwareContextLoaderDelegate from class [org.springframework.test.context.cache.DefaultCacheAwareContextLoaderDelegate]
23:34:16.702 [Test worker] DEBUG org.springframework.test.context.BootstrapUtils - Instantiating BootstrapContext using constructor [public org.springframework.test.context.support.DefaultBootstrapContext(java.lang.Class,org.springframework.test.context.CacheAwareContextLoaderDelegate)]
23:34:16.725 [Test worker] DEBUG org.springframework.test.context.BootstrapUtils - Instantiating TestContextBootstrapper for test class [com.codestate.todoapp.TodoappApplicationTests] from class [org.springframework.boot.test.context.SpringBootTestContextBootstrapper]
23:34:16.733 [Test worker] INFO org.springframework.boot.test.context.SpringBootTestContextBootstrapper - Neither @ContextConfiguration nor @ContextHierarchy found for test class [com.codestate.todoapp.TodoappApplicationTests], using SpringBootContextLoader
23:34:16.736 [Test worker] DEBUG org.springframework.test.context.support.AbstractContextLoader - Did not detect default resource location for test class [com.codestate.todoapp.TodoappApplicationTests]: class path resource [com/codestate/todoapp/TodoappApplicationTests-context.xml] does not exist
23:34:16.736 [Test worker] DEBUG org.springframework.test.context.support.AbstractContextLoader - Did not detect default resource location for test class [com.codestate.todoapp.TodoappApplicationTests]: class path resource [com/codestate/todoapp/TodoappApplicationTestsContext.groovy] does not exist
23:34:16.736 [Test worker] INFO org.springframework.test.context.support.AbstractContextLoader - Could not detect default resource locations for test class [com.codestate.todoapp.TodoappApplicationTests]: no resource found for suffixes {-context.xml, Context.groovy}.
23:34:16.737 [Test worker] INFO org.springframework.test.context.support.AnnotationConfigContextLoaderUtils - Could not detect default configuration classes for test class [com.codestate.todoapp.TodoappApplicationTests]: TodoappApplicationTests does not declare any static, non-private, non-final, nested classes annotated with @Configuration.
23:34:16.771 [Test worker] DEBUG org.springframework.test.context.support.ActiveProfilesUtils - Could not find an 'annotation declaring class' for annotation type [org.springframework.test.context.ActiveProfiles] and class [com.codestate.todoapp.TodoappApplicationTests]
23:34:16.819 [Test worker] DEBUG org.springframework.context.annotation.ClassPathScanningCandidateComponentProvider - Identified candidate component class: file [C:\Users\USER\실습 파일\todoapp\build\classes\java\main\com\codestate\todoapp\TodoappApplication.class]
23:34:16.820 [Test worker] INFO org.springframework.boot.test.context.SpringBootTestContextBootstrapper - Found @SpringBootConfiguration com.codestate.todoapp.TodoappApplication for test class com.codestate.todoapp.TodoappApplicationTests
23:34:16.903 [Test worker] DEBUG org.springframework.boot.test.context.SpringBootTestContextBootstrapper - @TestExecutionListeners is not present for class [com.codestate.todoapp.TodoappApplicationTests]: using defaults.
23:34:16.904 [Test worker] INFO org.springframework.boot.test.context.SpringBootTestContextBootstrapper - Loaded default TestExecutionListener class names from location [META-INF/spring.factories]: [org.springframework.boot.test.autoconfigure.restdocs.RestDocsTestExecutionListener, org.springframework.boot.test.autoconfigure.web.client.MockRestServiceServerResetTestExecutionListener, org.springframework.boot.test.autoconfigure.web.servlet.MockMvcPrintOnlyOnFailureTestExecutionListener, org.springframework.boot.test.autoconfigure.web.servlet.WebDriverTestExecutionListener, org.springframework.boot.test.autoconfigure.webservices.client.MockWebServiceServerTestExecutionListener, org.springframework.boot.test.mock.mockito.MockitoTestExecutionListener, org.springframework.boot.test.mock.mockito.ResetMocksTestExecutionListener, org.springframework.test.context.web.ServletTestExecutionListener, org.springframework.test.context.support.DirtiesContextBeforeModesTestExecutionListener, org.springframework.test.context.event.ApplicationEventsTestExecutionListener, org.springframework.test.context.support.DependencyInjectionTestExecutionListener, org.springframework.test.context.support.DirtiesContextTestExecutionListener, org.springframework.test.context.transaction.TransactionalTestExecutionListener, org.springframework.test.context.jdbc.SqlScriptsTestExecutionListener, org.springframework.test.context.event.EventPublishingTestExecutionListener]
23:34:16.913 [Test worker] DEBUG org.springframework.boot.test.context.SpringBootTestContextBootstrapper - Skipping candidate TestExecutionListener [org.springframework.test.context.transaction.TransactionalTestExecutionListener] due to a missing dependency. Specify custom listener classes or make the default listener classes and their required dependencies available. Offending class: [org/springframework/transaction/interceptor/TransactionAttributeSource]
23:34:16.913 [Test worker] DEBUG org.springframework.boot.test.context.SpringBootTestContextBootstrapper - Skipping candidate TestExecutionListener [org.springframework.test.context.jdbc.SqlScriptsTestExecutionListener] due to a missing dependency. Specify custom listener classes or make the default listener classes and their required dependencies available. Offending class: [org/springframework/transaction/interceptor/TransactionAttribute]
23:34:16.914 [Test worker] INFO org.springframework.boot.test.context.SpringBootTestContextBootstrapper - Using TestExecutionListeners: [org.springframework.test.context.web.ServletTestExecutionListener@210386e0, org.springframework.test.context.support.DirtiesContextBeforeModesTestExecutionListener@3d4d3fe7, org.springframework.test.context.event.ApplicationEventsTestExecutionListener@65f87a2c, org.springframework.boot.test.mock.mockito.MockitoTestExecutionListener@51684e4a, org.springframework.boot.test.autoconfigure.SpringBootDependencyInjectionTestExecutionListener@6ce1f601, org.springframework.test.context.support.DirtiesContextTestExecutionListener@38875e7d, org.springframework.test.context.event.EventPublishingTestExecutionListener@1e886a5b, org.springframework.boot.test.autoconfigure.restdocs.RestDocsTestExecutionListener@d816dde, org.springframework.boot.test.autoconfigure.web.client.MockRestServiceServerResetTestExecutionListener@6e33c391, org.springframework.boot.test.autoconfigure.web.servlet.MockMvcPrintOnlyOnFailureTestExecutionListener@6c451c9c, org.springframework.boot.test.autoconfigure.web.servlet.WebDriverTestExecutionListener@31c269fd, org.springframework.boot.test.autoconfigure.webservices.client.MockWebServiceServerTestExecutionListener@372b0d86, org.springframework.boot.test.mock.mockito.ResetMocksTestExecutionListener@47747fb9]
23:34:16.918 [Test worker] DEBUG org.springframework.test.context.support.AbstractDirtiesContextTestExecutionListener - Before test class: context [DefaultTestContext@344561e0 testClass = TodoappApplicationTests, testInstance = [null], testMethod = [null], testException = [null], mergedContextConfiguration = [WebMergedContextConfiguration@66d23e4a testClass = TodoappApplicationTests, locations = '{}', classes = '{class com.codestate.todoapp.TodoappApplication}', contextInitializerClasses = '[]', activeProfiles = '{}', propertySourceLocations = '{}', propertySourceProperties = '{org.springframework.boot.test.context.SpringBootTestContextBootstrapper=true}', contextCustomizers = set[org.springframework.boot.test.autoconfigure.actuate.metrics.MetricsExportContextCustomizerFactory$DisableMetricExportContextCustomizer@abf688e, org.springframework.boot.test.autoconfigure.properties.PropertyMappingContextCustomizer@0, org.springframework.boot.test.autoconfigure.web.servlet.WebDriverContextCustomizerFactory$Customizer@6eeade6c, org.springframework.boot.test.context.filter.ExcludeFilterContextCustomizer@7756c3cd, org.springframework.boot.test.json.DuplicateJsonObjectContextCustomizerFactory$DuplicateJsonObjectContextCustomizer@6cfcd46d, org.springframework.boot.test.mock.mockito.MockitoContextCustomizer@0, org.springframework.boot.test.web.client.TestRestTemplateContextCustomizer@1698ee84, org.springframework.boot.test.context.SpringBootTestArgs@1, org.springframework.boot.test.context.SpringBootTestWebEnvironment@2e570ded], resourceBasePath = 'src/main/webapp', contextLoader = 'org.springframework.boot.test.context.SpringBootContextLoader', parent = [null]], attributes = map['org.springframework.test.context.web.ServletTestExecutionListener.activateListener' -> true]], class annotated with @DirtiesContext [false] with mode [null].

  .   ____          _            __ _ _
 /\\ / ___'_ __ _ _(_)_ __  __ _ \ \ \ \
( ( )\___ | '_ | '_| | '_ \/ _` | \ \ \ \
 \\/  ___)| |_)| | | | | || (_| |  ) ) ) )
  '  |____| .__|_| |_|_| |_\__, | / / / /
 =========|_|==============|___/=/_/_/_/
 :: Spring Boot ::                (v2.7.6)

2022-12-16 23:34:17.173  INFO 4372 --- [    Test worker] c.c.todoapp.TodoappApplicationTests      : Starting TodoappApplicationTests using Java 11.0.16 on DESKTOP-5GGQ6ND with PID 4372 (started by USER in C:\Users\USER\실습 파일\todoapp)
2022-12-16 23:34:17.174  INFO 4372 --- [    Test worker] c.c.todoapp.TodoappApplicationTests      : No active profile set, falling back to 1 default profile: "default"
2022-12-16 23:34:18.243  INFO 4372 --- [    Test worker] c.c.todoapp.TodoappApplicationTests      : Started TodoappApplicationTests in 1.298 seconds (JVM running for 2.287)
]]></system-out>
  <system-err><![CDATA[]]></system-err>
</testsuite>
